<?xml version="1.0" encoding="UTF-8"?>
<!-- Generated by org.testng.reporters.JUnitReportReporter -->
<testsuite skipped="0" hostname="Nithesh-Gowda" name="com.oneDayCart.testScript.WishListTest" tests="1" failures="0" timestamp="2020-06-27T12:36:22 IST" time="65.949" errors="0">
  <testcase name="moveItemToWishlistTest" time="65.949" classname="com.oneDayCart.testScript.WishListTest"/>
  <system-out>
entering the productRice move items to wishlist  </system-out>
</testsuite> <!-- com.oneDayCart.testScript.WishListTest -->
