<?xml version="1.0" encoding="UTF-8"?>
<!-- Generated by org.testng.reporters.JUnitReportReporter -->
<testsuite skipped="0" hostname="Nithesh-Gowda" name="com.oneDayCart.testScript.NewsletterSubscriptionTest" tests="1" failures="0" timestamp="2020-06-22T20:13:29 IST" time="64.172" errors="0">
  <testcase name="newsletterSubscriptionTest" time="64.172" classname="com.oneDayCart.testScript.NewsletterSubscriptionTest"/>
  <system-out>
click on my account click on newsletter subscription click on checkbox click on save button  </system-out>
</testsuite> <!-- com.oneDayCart.testScript.NewsletterSubscriptionTest -->
