<?xml version="1.0" encoding="UTF-8"?>
<!-- Generated by org.testng.reporters.JUnitReportReporter -->
<testsuite skipped="0" hostname="Nithesh-Gowda" name="com.oneDayCart.testScript.continueShopping" tests="1" failures="0" timestamp="2020-06-23T09:45:40 IST" time="31.387" errors="0">
  <testcase name="continueShop" time="31.387" classname="com.oneDayCart.testScript.continueShopping"/>
  <system-out>
click on jaggery click on add to cart button click on my cart click on continue shopping  </system-out>
</testsuite> <!-- com.oneDayCart.testScript.continueShopping -->
