<?xml version="1.0" encoding="UTF-8"?>
<!-- Generated by org.testng.reporters.JUnitReportReporter -->
<testsuite skipped="0" hostname="Nithesh-Gowda" name="com.oneDayCart.testScript.AddressBookTest" tests="1" failures="0" timestamp="2020-06-22T19:34:17 IST" time="44.558" errors="0">
  <testcase name="addressBookTest" time="44.558" classname="com.oneDayCart.testScript.AddressBookTest"/>
  <system-out>
click on my account click on address book enter mobile number enter land phone number enter street1 address enter street2 address enter city enter postal code enter land mark select state select country click on save address button  </system-out>
</testsuite> <!-- com.oneDayCart.testScript.AddressBookTest -->
