<?xml version="1.0" encoding="UTF-8"?>
<!-- Generated by org.testng.reporters.JUnitReportReporter -->
<testsuite skipped="0" hostname="Nithesh-Gowda" name="com.oneDayCart.testScript.RemoveCartItemsTest" tests="1" failures="0" timestamp="2020-06-27T12:27:00 IST" time="45.904" errors="0">
  <testcase name="removecartItemTest" time="45.904" classname="com.oneDayCart.testScript.RemoveCartItemsTest"/>
  <system-out>
entering the productRice removing item from cart  </system-out>
</testsuite> <!-- com.oneDayCart.testScript.RemoveCartItemsTest -->
