<?xml version="1.0" encoding="UTF-8"?>
<!-- Generated by org.testng.reporters.JUnitReportReporter -->
<testsuite skipped="0" hostname="Nithesh-Gowda" name="com.oneDayCart.testScript.DeleteWishListTest" tests="1" failures="0" timestamp="2020-06-27T12:22:33 IST" time="153.135" errors="0">
  <testcase name="deleteWishlistTest" time="153.135" classname="com.oneDayCart.testScript.DeleteWishListTest"/>
  <system-out>
entering the productRice move items to wishlist click on remove item Handling alert  </system-out>
</testsuite> <!-- com.oneDayCart.testScript.DeleteWishListTest -->
