<?xml version="1.0" encoding="UTF-8"?>
<!-- Generated by org.testng.reporters.JUnitReportReporter -->
<testsuite skipped="0" hostname="Nithesh-Gowda" name="com.oneDayCart.testScript.HouseholdProductTest" tests="1" failures="0" timestamp="2020-06-23T08:33:58 IST" time="40.783" errors="0">
  <testcase name="householdproductTest" time="40.783" classname="com.oneDayCart.testScript.HouseholdProductTest"/>
  <system-out>
mouse over to HOUSEHOLD and  click on add to cart button mouse over to HOUSEHOLD and  click on add to cart button  </system-out>
</testsuite> <!-- com.oneDayCart.testScript.HouseholdProductTest -->
