<?xml version="1.0" encoding="UTF-8"?>
<!-- Generated by org.testng.reporters.JUnitReportReporter -->
<testsuite skipped="0" hostname="Nithesh-Gowda" name="com.oneDayCart.testScript.SearchBarTest" tests="1" failures="0" timestamp="2020-06-23T09:45:39 IST" time="44.767" errors="0">
  <testcase name="searchProductTest" time="44.767" classname="com.oneDayCart.testScript.SearchBarTest"/>
  <system-out>
entering the productRice products click on add cart button  </system-out>
</testsuite> <!-- com.oneDayCart.testScript.SearchBarTest -->
