<?xml version="1.0" encoding="UTF-8"?>
<!-- Generated by org.testng.reporters.JUnitReportReporter -->
<testsuite skipped="0" hostname="Nithesh-Gowda" name="com.oneDayCart.testScript.addGroceryTest" tests="1" failures="0" timestamp="2020-06-23T09:45:39 IST" time="24.314" errors="0">
  <testcase name="addgroceryTest" time="24.314" classname="com.oneDayCart.testScript.addGroceryTest"/>
  <system-out>
entering the productPONNI RICE (LOOSE) search product click on add to cart button  </system-out>
</testsuite> <!-- com.oneDayCart.testScript.addGroceryTest -->
