<?xml version="1.0" encoding="UTF-8"?>
<!-- Generated by org.testng.reporters.JUnitReportReporter -->
<testsuite skipped="0" hostname="Nithesh-Gowda" name="com.oneDayCart.testScript.HouseholdProductTest" tests="1" failures="0" timestamp="2020-06-23T09:45:39 IST" time="26.846" errors="0">
  <testcase name="householdproductTest" time="26.846" classname="com.oneDayCart.testScript.HouseholdProductTest"/>
  <system-out>
mouse over to HOUSEHOLD and click on shoebrush click on add to cart button mouse over to HOUSEHOLD and click on shoepolish click on add to cart button  </system-out>
</testsuite> <!-- com.oneDayCart.testScript.HouseholdProductTest -->
