<?xml version="1.0" encoding="UTF-8"?>
<!-- Generated by org.testng.reporters.JUnitReportReporter -->
<testsuite skipped="0" hostname="Nithesh-Gowda" name="com.oneDayCart.testScript.MyWalletTest" tests="1" failures="0" timestamp="2020-06-23T09:45:39 IST" time="19.270" errors="0">
  <testcase name="myWallet" time="19.270" classname="com.oneDayCart.testScript.MyWalletTest"/>
  <system-out>
click on my wallet cash my wallet page is opened  </system-out>
</testsuite> <!-- com.oneDayCart.testScript.MyWalletTest -->
