<?xml version="1.0" encoding="UTF-8"?>
<!-- Generated by org.testng.reporters.JUnitReportReporter -->
<testsuite skipped="0" hostname="Nithesh-Gowda" name="com.oneDayCart.testScript.myOrder" tests="1" failures="0" timestamp="2020-06-23T09:45:39 IST" time="21.252" errors="0">
  <testcase name="myorderpage" time="21.252" classname="com.oneDayCart.testScript.myOrder"/>
  <system-out>
click on my order my order page is displayed  </system-out>
</testsuite> <!-- com.oneDayCart.testScript.myOrder -->
