<?xml version="1.0" encoding="UTF-8"?>
<!-- Generated by org.testng.reporters.JUnitReportReporter -->
<testsuite skipped="0" hostname="Nithesh-Gowda" name="com.oneDayCart.testScript.AddressBookTest" tests="1" failures="0" timestamp="2020-06-23T09:02:03 IST" time="42.388" errors="0">
  <testcase name="addressBookTest" time="42.388" classname="com.oneDayCart.testScript.AddressBookTest"/>
  <system-out>
click on my account click on address book click on add new address button enter mobile number enter land phone number enter street1 address enter street2 address enter city enter postal code enter land mark select state select country  </system-out>
</testsuite> <!-- com.oneDayCart.testScript.AddressBookTest -->
