<?xml version="1.0" encoding="UTF-8"?>
<!-- Generated by org.testng.reporters.JUnitReportReporter -->
<testsuite skipped="0" hostname="Nithesh-Gowda" name="com.oneDayCart.testScript.BillingAgreementTest" tests="1" failures="0" timestamp="2020-06-22T21:19:33 IST" time="71.900" errors="0">
  <testcase name="billingAgreementTest" time="71.900" classname="com.oneDayCart.testScript.BillingAgreementTest"/>
  <system-out>
click on my account click on billing agreement  </system-out>
</testsuite> <!-- com.oneDayCart.testScript.BillingAgreementTest -->
