<?xml version="1.0" encoding="UTF-8"?>
<!-- Generated by org.testng.reporters.JUnitReportReporter -->
<testsuite skipped="0" hostname="Nithesh-Gowda" name="com.oneDayCart.testScript.ShoppingCartTest" tests="1" failures="0" timestamp="2020-06-22T21:35:20 IST" time="36.962" errors="0">
  <testcase name="shoppingcartTest" time="36.962" classname="com.oneDayCart.testScript.ShoppingCartTest"/>
  <system-out/>
</testsuite> <!-- com.oneDayCart.testScript.ShoppingCartTest -->
