<?xml version="1.0" encoding="UTF-8"?>
<!-- Generated by org.testng.reporters.JUnitReportReporter -->
<testsuite skipped="0" hostname="Nithesh-Gowda" name="com.oneDayCart.testScript.AddAllCartTest" tests="1" failures="0" timestamp="2020-06-27T12:16:59 IST" time="94.039" errors="0">
  <testcase name="addAllToCartTest" time="94.039" classname="com.oneDayCart.testScript.AddAllCartTest"/>
  <system-out>
entering the productAtta move items to wishlist click on add all to cart button  </system-out>
</testsuite> <!-- com.oneDayCart.testScript.AddAllCartTest -->
